<?xml version="1.0" encoding="UTF-8"?>
<!-- Generated by org.testng.reporters.JUnitXMLReporter -->
<testsuite ignored="0" hostname="Sathish" failures="0" tests="7" name="mytest" time="20.818" errors="0" timestamp="2024-08-11T10:20:10 IST">
  <testcase classname="VD42.OrangeHRM" name="openapp" time="16.692"/>
  <testcase classname="VD42.OrangeHRM" name="logocheck" time="3.24"/>
  <testcase classname="VD42.OrangeHRM" name="loginapp" time="0.501"/>
  <testcase classname="VD42.OrangeHRM" name="logoutapp" time="0.244"/>
  <testcase classname="VD42.Test1" name="loginapp" time="0.007"/>
  <testcase classname="VD42.Test1" name="openapp" time="0.006"/>
  <testcase classname="VD42.Test1" name="logoutapp" time="0.009"/>
</testsuite> <!-- mytest -->
