<?xml version="1.0" encoding="UTF-8"?>
<!-- Generated by org.testng.reporters.JUnitXMLReporter -->
<testsuite ignored="2" hostname="Sathish" failures="0" tests="6" name="grouptests" time="0.129" errors="0" timestamp="2024-08-06T19:07:57 IST">
  <testcase classname="VD44.LoginTest" name="loginbyemail" time="0.015"/>
  <testcase classname="VD44.LoginTest" name="loginbyfacebook" time="0.002"/>
  <testcase classname="VD44.LoginTest" name="loginbytwitter" time="0.002"/>
  <testcase classname="VD44.Signuptest" name="signbyemail" time="0.002"/>
  <testcase classname="VD44.Signuptest" name="signbyfacebook" time="0.002"/>
  <testcase classname="VD44.Signuptest" name="signbytwitter" time="0.009"/>
  <testcase classname="VD44.PaymentTests" name="paymentinrupees" time="0.0">
    <ignored/>
  </testcase> <!-- paymentinrupees -->
  <testcase classname="VD44.PaymentTests" name="paymentindollars" time="0.0">
    <ignored/>
  </testcase> <!-- paymentindollars -->
</testsuite> <!-- grouptests -->
