<?xml version="1.0" encoding="UTF-8"?>
<testng-results ignored="0" total="2" passed="2" failed="0" skipped="0">
  <reporter-output>
  </reporter-output>
  <suite started-at="2024-08-16T21:29:23 IST" name="Default suite" finished-at="2024-08-16T21:29:39 IST" duration-ms="15883">
    <groups>
    </groups>
    <test started-at="2024-08-16T21:29:23 IST" name="Default test" finished-at="2024-08-16T21:29:39 IST" duration-ms="15883">
      <class name="VD47.Revision.OrangeTestPage">
        <test-method is-config="true" signature="setup()[pri:0, instance:VD47.Revision.OrangeTestPage@6e20b53a]" started-at="2024-08-16T21:29:23 IST" name="setup" finished-at="2024-08-16T21:29:36 IST" duration-ms="12635" status="PASS">
          <reporter-output>
          </reporter-output>
        </test-method> <!-- setup -->
        <test-method signature="login()[pri:0, instance:VD47.Revision.OrangeTestPage@6e20b53a]" started-at="2024-08-16T21:29:36 IST" name="login" finished-at="2024-08-16T21:29:39 IST" duration-ms="2952" status="PASS">
          <reporter-output>
          </reporter-output>
        </test-method> <!-- login -->
        <test-method signature="tearDown()[pri:0, instance:VD47.Revision.OrangeTestPage@6e20b53a]" started-at="2024-08-16T21:29:39 IST" name="tearDown" finished-at="2024-08-16T21:29:39 IST" duration-ms="232" status="PASS">
          <reporter-output>
          </reporter-output>
        </test-method> <!-- tearDown -->
      </class> <!-- VD47.Revision.OrangeTestPage -->
    </test> <!-- Default test -->
  </suite> <!-- Default suite -->
</testng-results>
