<?xml version="1.0" encoding="UTF-8"?>
<!-- Generated by org.testng.reporters.JUnitXMLReporter -->
<testsuite ignored="0" hostname="Sathish" failures="0" tests="4" name="t1" time="19.789" errors="0" timestamp="2024-08-04T21:56:36 IST">
  <testcase classname="VD42.Test2" name="openapp" time="14.15"/>
  <testcase classname="VD42.Test2" name="checklogo" time="3.153"/>
  <testcase classname="VD42.Test2" name="loginapp" time="2.187"/>
  <testcase classname="VD42.Test2" name="close" time="0.199"/>
</testsuite> <!-- t1 -->
